<?xml version="1.0" encoding="UTF-8"?>
<testsuite xmlns:xsi="http://www.w3.org/2001/XMLSchema-instance" xsi:noNamespaceSchemaLocation="https://maven.apache.org/surefire/maven-surefire-plugin/xsd/surefire-test-report-3.0.xsd" version="3.0" name="com.asxms.customer.CustomerJDBCDataAccessServiceTest" time="9.155" tests="10" errors="0" skipped="0" failures="0">
  <properties>
[...]
</properties>
  <testcase name="existsPersonWithId" classname="com.asxms.customer.CustomerJDBCDataAccessServiceTest" time="0.488">
    <system-out><![CDATA[13:50:57.703 [main] INFO org.testcontainers.utility.ImageNameSubstitutor -- Image name substitution will be performed by: DefaultImageNameSubstitutor (composite of 'ConfigurationFileImageNameSubstitutor' and 'PrefixingImageNameSubstitutor')
13:50:57.830 [main] INFO org.testcontainers.dockerclient.DockerClientProviderStrategy -- Loaded org.testcontainers.dockerclient.NpipeSocketClientProviderStrategy from ~/.testcontainers.properties, will try it first
13:50:58.749 [main] INFO org.testcontainers.dockerclient.DockerClientProviderStrategy -- Found Docker environment with local Npipe socket (npipe:////./pipe/docker_engine)
13:50:58.755 [main] INFO org.testcontainers.DockerClientFactory -- Docker host IP address is localhost
13:50:58.860 [main] INFO org.testcontainers.DockerClientFactory -- Connected to docker: 
  Server Version: 24.0.6
  API Version: 1.43
  Operating System: Docker Desktop
  Total Memory: 7892 MB
13:50:58.906 [main] INFO docker[testcontainers/ryuk:0.3.4] -- Creating container for image: testcontainers/ryuk:0.3.4
13:50:59.439 [main] INFO docker[testcontainers/ryuk:0.3.4] -- Container testcontainers/ryuk:0.3.4 is starting: db5383e9906ee9739dd07d845b9d00ac0ef9e754b8f547513149972c1a460414
13:51:00.101 [main] INFO docker[testcontainers/ryuk:0.3.4] -- Container testcontainers/ryuk:0.3.4 started in PT1.2229678S
13:51:00.110 [main] INFO org.testcontainers.utility.RyukResourceReaper -- Ryuk started - will monitor and terminate Testcontainers containers on JVM exit
13:51:00.110 [main] INFO org.testcontainers.DockerClientFactory -- Checking the system...
13:51:00.111 [main] INFO org.testcontainers.DockerClientFactory -- ?? Docker server version should be at least 1.6.0
13:51:00.111 [main] INFO docker[postgres:latest] -- Creating container for image: postgres:latest
13:51:00.190 [main] INFO docker[postgres:latest] -- Container postgres:latest is starting: 1bef3afa7ce85f465a85886e34d06677d972e75c105c20e8ddc9d3a4d95dfd02
13:51:04.150 [main] INFO docker[postgres:latest] -- Container postgres:latest started in PT4.0391327S
13:51:04.150 [main] INFO docker[postgres:latest] -- Container is started (JDBC URL: jdbc:postgresql://localhost:52364/asxms-dao-unit-test?loggerLevel=OFF)
13:51:04.269 [main] INFO org.flywaydb.core.internal.license.VersionPrinter -- Flyway Community Edition 9.22.3 by Redgate
13:51:04.269 [main] INFO org.flywaydb.core.internal.license.VersionPrinter -- See release notes here: https://rd.gt/416ObMi
13:51:04.269 [main] INFO org.flywaydb.core.internal.license.VersionPrinter -- 
13:51:04.576 [main] INFO org.flywaydb.core.FlywayExecutor -- Database: jdbc:postgresql://localhost:52364/asxms-dao-unit-test (PostgreSQL 16.1)
13:51:04.591 [main] WARN org.flywaydb.core.internal.database.base.Database -- Flyway upgrade recommended: PostgreSQL 16.1 is newer than this version of Flyway and support has not been tested. The latest supported version of PostgreSQL is 15.
13:51:04.631 [main] INFO org.flywaydb.core.internal.schemahistory.JdbcTableSchemaHistory -- Schema history table "public"."flyway_schema_history" does not exist yet
13:51:04.637 [main] INFO org.flywaydb.core.internal.command.DbValidate -- Successfully validated 2 migrations (execution time 00:00.032s)
13:51:04.667 [main] INFO org.flywaydb.core.internal.schemahistory.JdbcTableSchemaHistory -- Creating Schema History table "public"."flyway_schema_history" ...
13:51:04.736 [main] INFO org.flywaydb.core.internal.command.DbMigrate -- Current version of schema "public": << Empty Schema >>
13:51:04.750 [main] INFO org.flywaydb.core.internal.command.DbMigrate -- Migrating schema "public" to version "1 - Initial Setup"
13:51:04.794 [main] INFO org.flywaydb.core.internal.command.DbMigrate -- Migrating schema "public" to version "2 - Add Unique Constraint To Customer Email"
13:51:04.821 [main] INFO org.flywaydb.core.internal.command.DbMigrate -- Successfully applied 2 migrations to schema "public", now at version v2 (execution time 00:00.022s)
13:51:05.104 [main] INFO com.zaxxer.hikari.HikariDataSource -- HikariPool-1 - Starting...
13:51:05.154 [main] INFO com.zaxxer.hikari.pool.HikariPool -- HikariPool-1 - Added connection org.postgresql.jdbc.PgConnection@6182ffef
13:51:05.156 [main] INFO com.zaxxer.hikari.HikariDataSource -- HikariPool-1 - Start completed.
]]></system-out>
  </testcase>
  <testcase name="deleteCustomerById" classname="com.asxms.customer.CustomerJDBCDataAccessServiceTest" time="0.044">
    <system-out><![CDATA[13:51:05.335 [main] INFO com.zaxxer.hikari.HikariDataSource -- HikariPool-2 - Starting...
13:51:05.363 [main] INFO com.zaxxer.hikari.pool.HikariPool -- HikariPool-2 - Added connection org.postgresql.jdbc.PgConnection@27dc335a
13:51:05.363 [main] INFO com.zaxxer.hikari.HikariDataSource -- HikariPool-2 - Start completed.
]]></system-out>
  </testcase>
  <testcase name="updateCustomerName" classname="com.asxms.customer.CustomerJDBCDataAccessServiceTest" time="0.063">
    <system-out><![CDATA[13:51:05.378 [main] INFO com.zaxxer.hikari.HikariDataSource -- HikariPool-3 - Starting...
13:51:05.420 [main] INFO com.zaxxer.hikari.pool.HikariPool -- HikariPool-3 - Added connection org.postgresql.jdbc.PgConnection@2bfc8558
13:51:05.421 [main] INFO com.zaxxer.hikari.HikariDataSource -- HikariPool-3 - Start completed.
]]></system-out>
  </testcase>
  <testcase name="getAllCustomer" classname="com.asxms.customer.CustomerJDBCDataAccessServiceTest" time="0.041">
    <system-out><![CDATA[13:51:05.442 [main] INFO com.zaxxer.hikari.HikariDataSource -- HikariPool-4 - Starting...
13:51:05.466 [main] INFO com.zaxxer.hikari.pool.HikariPool -- HikariPool-4 - Added connection org.postgresql.jdbc.PgConnection@5d2e6f62
13:51:05.466 [main] INFO com.zaxxer.hikari.HikariDataSource -- HikariPool-4 - Start completed.
]]></system-out>
  </testcase>
  <testcase name="existsPersonWithEmail" classname="com.asxms.customer.CustomerJDBCDataAccessServiceTest" time="0.059">
    <system-out><![CDATA[13:51:05.489 [main] INFO com.zaxxer.hikari.HikariDataSource -- HikariPool-5 - Starting...
13:51:05.537 [main] INFO com.zaxxer.hikari.pool.HikariPool -- HikariPool-5 - Added connection org.postgresql.jdbc.PgConnection@8ac512e
13:51:05.537 [main] INFO com.zaxxer.hikari.HikariDataSource -- HikariPool-5 - Start completed.
]]></system-out>
  </testcase>
  <testcase name="updateAllValuesFromCustomer" classname="com.asxms.customer.CustomerJDBCDataAccessServiceTest" time="0.062">
    <system-out><![CDATA[13:51:05.548 [main] INFO com.zaxxer.hikari.HikariDataSource -- HikariPool-6 - Starting...
13:51:05.586 [main] INFO com.zaxxer.hikari.pool.HikariPool -- HikariPool-6 - Added connection org.postgresql.jdbc.PgConnection@d85b399
13:51:05.586 [main] INFO com.zaxxer.hikari.HikariDataSource -- HikariPool-6 - Start completed.
]]></system-out>
  </testcase>
  <testcase name="updateCustomerAge" classname="com.asxms.customer.CustomerJDBCDataAccessServiceTest" time="0.061">
    <system-out><![CDATA[13:51:05.611 [main] INFO com.zaxxer.hikari.HikariDataSource -- HikariPool-7 - Starting...
13:51:05.644 [main] INFO com.zaxxer.hikari.pool.HikariPool -- HikariPool-7 - Added connection org.postgresql.jdbc.PgConnection@7d6c4079
13:51:05.644 [main] INFO com.zaxxer.hikari.HikariDataSource -- HikariPool-7 - Start completed.
]]></system-out>
  </testcase>
  <testcase name="selectCustomerById" classname="com.asxms.customer.CustomerJDBCDataAccessServiceTest" time="0.047">
    <system-out><![CDATA[13:51:05.673 [main] INFO com.zaxxer.hikari.HikariDataSource -- HikariPool-8 - Starting...
13:51:05.703 [main] INFO com.zaxxer.hikari.pool.HikariPool -- HikariPool-8 - Added connection org.postgresql.jdbc.PgConnection@31b741e2
13:51:05.703 [main] INFO com.zaxxer.hikari.HikariDataSource -- HikariPool-8 - Start completed.
]]></system-out>
  </testcase>
  <testcase name="insertCustomer" classname="com.asxms.customer.CustomerJDBCDataAccessServiceTest" time="0.051">
    <system-out><![CDATA[13:51:05.721 [main] INFO com.zaxxer.hikari.HikariDataSource -- HikariPool-9 - Starting...
13:51:05.761 [main] INFO com.zaxxer.hikari.pool.HikariPool -- HikariPool-9 - Added connection org.postgresql.jdbc.PgConnection@4b5798c2
13:51:05.761 [main] INFO com.zaxxer.hikari.HikariDataSource -- HikariPool-9 - Start completed.
]]></system-out>
  </testcase>
  <testcase name="updateCustomerEmail" classname="com.asxms.customer.CustomerJDBCDataAccessServiceTest" time="0.048">
    <system-out><![CDATA[13:51:05.771 [main] INFO com.zaxxer.hikari.HikariDataSource -- HikariPool-10 - Starting...
13:51:05.805 [main] INFO com.zaxxer.hikari.pool.HikariPool -- HikariPool-10 - Added connection org.postgresql.jdbc.PgConnection@31ab4859
13:51:05.805 [main] INFO com.zaxxer.hikari.HikariDataSource -- HikariPool-10 - Start completed.
]]></system-out>
  </testcase>
</testsuite>