<?xml version="1.0" encoding="UTF-8"?>
<testsuite xmlns:xsi="http://www.w3.org/2001/XMLSchema-instance" xsi:noNamespaceSchemaLocation="https://maven.apache.org/surefire/maven-surefire-plugin/xsd/surefire-test-report-3.0.xsd" version="3.0" name="com.asxms.customer.CustomerServiceTest" time="0.12" tests="14" errors="0" skipped="0" failures="0">
  <properties>
[...]
</properties>
  <testcase name="deleteCustomerByIdNotFound" classname="com.asxms.customer.CustomerServiceTest" time="0.066"/>
  <testcase name="insertCustomerEmailAlreadyTaken" classname="com.asxms.customer.CustomerServiceTest" time="0.004"/>
  <testcase name="getCustomer" classname="com.asxms.customer.CustomerServiceTest" time="0.003"/>
  <testcase name="cannotUpdateCustomerCuzIdNotFound" classname="com.asxms.customer.CustomerServiceTest" time="0.003"/>
  <testcase name="deleteCustomerById" classname="com.asxms.customer.CustomerServiceTest" time="0.001"/>
  <testcase name="getCustomerNotFound" classname="com.asxms.customer.CustomerServiceTest" time="0.003"/>
  <testcase name="getAllCustomer" classname="com.asxms.customer.CustomerServiceTest" time="0.002"/>
  <testcase name="cannotUpdateCustomerCuzNoChanges" classname="com.asxms.customer.CustomerServiceTest" time="0.003"/>
  <testcase name="canUpdateCustomerEmail" classname="com.asxms.customer.CustomerServiceTest" time="0.004"/>
  <testcase name="canUpdateCustomerAge" classname="com.asxms.customer.CustomerServiceTest" time="0.003"/>
  <testcase name="updateCustomer" classname="com.asxms.customer.CustomerServiceTest" time="0.004"/>
  <testcase name="canUpdateCustomerName" classname="com.asxms.customer.CustomerServiceTest" time="0.003"/>
  <testcase name="insertCustomer" classname="com.asxms.customer.CustomerServiceTest" time="0.003"/>
  <testcase name="cannotUpdateCustomerEmail" classname="com.asxms.customer.CustomerServiceTest" time="0.006"/>
</testsuite>